<?xml version="1.0" encoding="utf-8"?><testsuites name="pytest tests"><testsuite name="pytest" errors="0" failures="0" skipped="0" tests="29" time="4.421" timestamp="2026-05-03T16:03:58.315897+00:00" hostname="agent-env-2168ec2c-d8bf-4499-af94-0ef7738d212d"><testcase classname="backend.tests.test_audio_sessions.TestAudioUpload" name="test_upload_prayer" time="0.649" /><testcase classname="backend.tests.test_audio_sessions.TestAudioUpload" name="test_upload_event" time="0.076" /><testcase classname="backend.tests.test_audio_sessions.TestAudioUpload" name="test_upload_invalid_kind" time="0.061" /><testcase classname="backend.tests.test_audio_sessions.TestAudioUpload" name="test_upload_empty_file" time="0.057" /><testcase classname="backend.tests.test_audio_sessions.TestAudioUpload" name="test_upload_non_audio_ct" time="0.062" /><testcase classname="backend.tests.test_audio_sessions.TestAudioUpload" name="test_replace_on_same_kind_ref" time="0.129" /><testcase classname="backend.tests.test_audio_sessions.TestAudioListStream" name="test_list_all" time="0.068" /><testcase classname="backend.tests.test_audio_sessions.TestAudioListStream" name="test_list_filtered" time="0.058" /><testcase classname="backend.tests.test_audio_sessions.TestAudioListStream" name="test_stream_ok" time="0.138" /><testcase classname="backend.tests.test_audio_sessions.TestAudioListStream" name="test_stream_invalid_id" time="0.064" /><testcase classname="backend.tests.test_audio_sessions.TestAudioListStream" name="test_stream_nonexistent_valid_id" time="0.064" /><testcase classname="backend.tests.test_audio_sessions.TestAudioDelete" name="test_delete_cleanup" time="0.253" /><testcase classname="backend.tests.test_audio_sessions.TestSessionMgmt" name="test_create" time="0.086" /><testcase classname="backend.tests.test_audio_sessions.TestSessionMgmt" name="test_list_sorted" time="0.253" /><testcase classname="backend.tests.test_audio_sessions.TestSessionMgmt" name="test_stats_last_completed" time="0.129" /><testcase classname="backend.tests.test_audio_sessions.TestSessionMgmt" name="test_delete_session" time="0.142" /><testcase classname="backend.tests.test_audio_sessions.TestSessionMgmt" name="test_delete_nonexistent" time="0.079" /><testcase classname="backend.tests.test_rosario_api" name="test_health" time="0.213" /><testcase classname="backend.tests.test_rosario_api.TestIntentions" name="test_create" time="0.071" /><testcase classname="backend.tests.test_rosario_api.TestIntentions" name="test_list" time="0.063" /><testcase classname="backend.tests.test_rosario_api.TestIntentions" name="test_update" time="0.128" /><testcase classname="backend.tests.test_rosario_api.TestIntentions" name="test_delete" time="0.165" /><testcase classname="backend.tests.test_rosario_api.TestIntentions" name="test_update_nonexistent" time="0.069" /><testcase classname="backend.tests.test_rosario_api.TestIntentions" name="test_delete_nonexistent" time="0.057" /><testcase classname="backend.tests.test_rosario_api.TestSessions" name="test_create_session" time="0.089" /><testcase classname="backend.tests.test_rosario_api.TestSessions" name="test_stats_before_complete" time="0.063" /><testcase classname="backend.tests.test_rosario_api.TestSessions" name="test_complete_session" time="0.065" /><testcase classname="backend.tests.test_rosario_api.TestSessions" name="test_stats_after_complete" time="0.063" /><testcase classname="backend.tests.test_rosario_api.TestSessions" name="test_complete_nonexistent" time="0.128" /></testsuite></testsuites>