<?xml version="1.0" encoding="utf-8"?><testsuites name="pytest tests"><testsuite name="pytest" errors="0" failures="0" skipped="0" tests="12" time="1.826" timestamp="2026-05-03T15:08:27.981052+00:00" hostname="agent-env-2168ec2c-d8bf-4499-af94-0ef7738d212d"><testcase classname="backend.tests.test_rosario_api" name="test_health" time="0.333" /><testcase classname="backend.tests.test_rosario_api.TestIntentions" name="test_create" time="0.067" /><testcase classname="backend.tests.test_rosario_api.TestIntentions" name="test_list" time="0.068" /><testcase classname="backend.tests.test_rosario_api.TestIntentions" name="test_update" time="0.137" /><testcase classname="backend.tests.test_rosario_api.TestIntentions" name="test_delete" time="0.129" /><testcase classname="backend.tests.test_rosario_api.TestIntentions" name="test_update_nonexistent" time="0.067" /><testcase classname="backend.tests.test_rosario_api.TestIntentions" name="test_delete_nonexistent" time="0.070" /><testcase classname="backend.tests.test_rosario_api.TestSessions" name="test_create_session" time="0.065" /><testcase classname="backend.tests.test_rosario_api.TestSessions" name="test_stats_before_complete" time="0.067" /><testcase classname="backend.tests.test_rosario_api.TestSessions" name="test_complete_session" time="0.069" /><testcase classname="backend.tests.test_rosario_api.TestSessions" name="test_stats_after_complete" time="0.065" /><testcase classname="backend.tests.test_rosario_api.TestSessions" name="test_complete_nonexistent" time="0.132" /></testsuite></testsuites>